{"/Users/michaelherman/Documents/repos/github/node-stripe-charge/app.js":{"path":"/Users/michaelherman/Documents/repos/github/node-stripe-charge/app.js","s":{"1":1,"2":1,"3":1,"4":1,"5":1,"6":1,"7":1,"8":1,"9":1,"10":1,"11":1,"12":1,"13":1,"14":1,"15":1,"16":1,"17":1,"18":1,"19":1,"20":1,"21":1,"22":1,"23":1,"24":0,"25":1,"26":0,"27":1,"28":0,"29":0,"30":0,"31":0,"32":1,"33":0,"34":0,"35":0,"36":0,"37":0,"38":1,"39":0,"40":1,"41":0,"42":0,"43":1,"44":0,"45":0,"46":0,"47":0,"48":0,"49":0,"50":0,"51":0,"52":0,"53":1,"54":1,"55":1,"56":1,"57":1,"58":1,"59":1,"60":1,"61":1,"62":1,"63":1,"64":1,"65":1,"66":1,"67":0,"68":1,"69":0,"70":0,"71":0,"72":1,"73":1,"74":1},"b":{"1":[1,1],"2":[0,0],"3":[0,0],"4":[0,0],"5":[0,0],"6":[0,0],"7":[1,1],"8":[0,0]},"f":{"1":0,"2":0,"3":0,"4":0,"5":0,"6":0,"7":0,"8":0,"9":0,"10":0,"11":0,"12":0,"13":1},"fnMap":{"1":{"name":"(anonymous_1)","line":28,"loc":{"start":{"line":28,"column":29},"end":{"line":28,"column":39}}},"2":{"name":"(anonymous_2)","line":32,"loc":{"start":{"line":32,"column":28},"end":{"line":32,"column":38}}},"3":{"name":"findById","line":37,"loc":{"start":{"line":37,"column":0},"end":{"line":37,"column":26}}},"4":{"name":"findByUsername","line":45,"loc":{"start":{"line":45,"column":0},"end":{"line":45,"column":38}}},"5":{"name":"(anonymous_5)","line":54,"loc":{"start":{"line":54,"column":23},"end":{"line":54,"column":44}}},"6":{"name":"(anonymous_6)","line":57,"loc":{"start":{"line":57,"column":25},"end":{"line":57,"column":44}}},"7":{"name":"(anonymous_7)","line":58,"loc":{"start":{"line":58,"column":15},"end":{"line":58,"column":36}}},"8":{"name":"(anonymous_8)","line":63,"loc":{"start":{"line":63,"column":2},"end":{"line":63,"column":37}}},"9":{"name":"(anonymous_9)","line":64,"loc":{"start":{"line":64,"column":21},"end":{"line":64,"column":33}}},"10":{"name":"(anonymous_10)","line":65,"loc":{"start":{"line":65,"column":31},"end":{"line":65,"column":51}}},"11":{"name":"(anonymous_11)","line":99,"loc":{"start":{"line":99,"column":2},"end":{"line":99,"column":21}}},"12":{"name":"ensureAuthenticated","line":105,"loc":{"start":{"line":105,"column":0},"end":{"line":105,"column":45}}},"13":{"name":"(anonymous_13)","line":111,"loc":{"start":{"line":111,"column":28},"end":{"line":111,"column":38}}}},"statementMap":{"1":{"start":{"line":2,"column":0},"end":{"line":2,"column":23}},"2":{"start":{"line":3,"column":0},"end":{"line":3,"column":27}},"3":{"start":{"line":4,"column":0},"end":{"line":4,"column":33}},"4":{"start":{"line":5,"column":0},"end":{"line":5,"column":27}},"5":{"start":{"line":6,"column":0},"end":{"line":6,"column":35}},"6":{"start":{"line":7,"column":0},"end":{"line":7,"column":35}},"7":{"start":{"line":8,"column":0},"end":{"line":8,"column":55}},"8":{"start":{"line":9,"column":0},"end":{"line":9,"column":38}},"9":{"start":{"line":10,"column":0},"end":{"line":13,"column":0}},"10":{"start":{"line":13,"column":0},"end":{"line":13,"column":20}},"11":{"start":{"line":14,"column":0},"end":{"line":14,"column":42}},"12":{"start":{"line":15,"column":0},"end":{"line":15,"column":39}},"13":{"start":{"line":16,"column":0},"end":{"line":16,"column":31}},"14":{"start":{"line":17,"column":0},"end":{"line":17,"column":26}},"15":{"start":{"line":18,"column":0},"end":{"line":18,"column":30}},"16":{"start":{"line":19,"column":0},"end":{"line":19,"column":34}},"17":{"start":{"line":20,"column":0},"end":{"line":20,"column":50}},"18":{"start":{"line":21,"column":0},"end":{"line":21,"column":27}},"19":{"start":{"line":22,"column":0},"end":{"line":22,"column":31}},"20":{"start":{"line":23,"column":0},"end":{"line":23,"column":28}},"21":{"start":{"line":24,"column":0},"end":{"line":24,"column":20}},"22":{"start":{"line":25,"column":0},"end":{"line":25,"column":56}},"23":{"start":{"line":28,"column":0},"end":{"line":30,"column":3}},"24":{"start":{"line":29,"column":4},"end":{"line":29,"column":77}},"25":{"start":{"line":32,"column":0},"end":{"line":34,"column":3}},"26":{"start":{"line":33,"column":4},"end":{"line":33,"column":36}},"27":{"start":{"line":37,"column":0},"end":{"line":44,"column":1}},"28":{"start":{"line":38,"column":2},"end":{"line":38,"column":19}},"29":{"start":{"line":39,"column":2},"end":{"line":43,"column":3}},"30":{"start":{"line":40,"column":4},"end":{"line":40,"column":29}},"31":{"start":{"line":42,"column":4},"end":{"line":42,"column":52}},"32":{"start":{"line":45,"column":0},"end":{"line":53,"column":1}},"33":{"start":{"line":46,"column":2},"end":{"line":51,"column":3}},"34":{"start":{"line":47,"column":4},"end":{"line":47,"column":28}},"35":{"start":{"line":48,"column":4},"end":{"line":50,"column":5}},"36":{"start":{"line":49,"column":6},"end":{"line":49,"column":28}},"37":{"start":{"line":52,"column":2},"end":{"line":52,"column":24}},"38":{"start":{"line":54,"column":0},"end":{"line":56,"column":3}},"39":{"start":{"line":55,"column":2},"end":{"line":55,"column":22}},"40":{"start":{"line":57,"column":0},"end":{"line":61,"column":3}},"41":{"start":{"line":58,"column":2},"end":{"line":60,"column":5}},"42":{"start":{"line":59,"column":4},"end":{"line":59,"column":20}},"43":{"start":{"line":62,"column":0},"end":{"line":73,"column":3}},"44":{"start":{"line":64,"column":4},"end":{"line":71,"column":7}},"45":{"start":{"line":65,"column":6},"end":{"line":71,"column":4}},"46":{"start":{"line":66,"column":8},"end":{"line":66,"column":38}},"47":{"start":{"line":66,"column":19},"end":{"line":66,"column":36}},"48":{"start":{"line":67,"column":8},"end":{"line":67,"column":89}},"49":{"start":{"line":67,"column":21},"end":{"line":67,"column":87}},"50":{"start":{"line":68,"column":8},"end":{"line":68,"column":101}},"51":{"start":{"line":68,"column":41},"end":{"line":68,"column":99}},"52":{"start":{"line":69,"column":8},"end":{"line":69,"column":32}},"53":{"start":{"line":76,"column":0},"end":{"line":77,"column":0}},"54":{"start":{"line":77,"column":0},"end":{"line":78,"column":0}},"55":{"start":{"line":78,"column":0},"end":{"line":78,"column":24}},"56":{"start":{"line":81,"column":0},"end":{"line":81,"column":47}},"57":{"start":{"line":84,"column":0},"end":{"line":84,"column":30}},"58":{"start":{"line":87,"column":0},"end":{"line":87,"column":28}},"59":{"start":{"line":90,"column":0},"end":{"line":90,"column":33}},"60":{"start":{"line":91,"column":0},"end":{"line":91,"column":27}},"61":{"start":{"line":92,"column":0},"end":{"line":92,"column":30}},"62":{"start":{"line":93,"column":0},"end":{"line":93,"column":34}},"63":{"start":{"line":94,"column":0},"end":{"line":94,"column":32}},"64":{"start":{"line":95,"column":0},"end":{"line":95,"column":34}},"65":{"start":{"line":96,"column":0},"end":{"line":96,"column":53}},"66":{"start":{"line":97,"column":0},"end":{"line":102,"column":2}},"67":{"start":{"line":100,"column":4},"end":{"line":100,"column":27}},"68":{"start":{"line":105,"column":0},"end":{"line":108,"column":1}},"69":{"start":{"line":106,"column":2},"end":{"line":106,"column":47}},"70":{"start":{"line":106,"column":31},"end":{"line":106,"column":45}},"71":{"start":{"line":107,"column":2},"end":{"line":108,"column":0}},"72":{"start":{"line":111,"column":0},"end":{"line":113,"column":3}},"73":{"start":{"line":112,"column":2},"end":{"line":112,"column":71}},"74":{"start":{"line":115,"column":0},"end":{"line":115,"column":21}}},"branchMap":{"1":{"line":14,"type":"binary-expr","locations":[{"start":{"line":14,"column":16},"end":{"line":14,"column":32}},{"start":{"line":14,"column":36},"end":{"line":14,"column":40}}]},"2":{"line":39,"type":"if","locations":[{"start":{"line":39,"column":2},"end":{"line":39,"column":2}},{"start":{"line":39,"column":2},"end":{"line":39,"column":2}}]},"3":{"line":48,"type":"if","locations":[{"start":{"line":48,"column":4},"end":{"line":48,"column":4}},{"start":{"line":48,"column":4},"end":{"line":48,"column":4}}]},"4":{"line":66,"type":"if","locations":[{"start":{"line":66,"column":8},"end":{"line":66,"column":8}},{"start":{"line":66,"column":8},"end":{"line":66,"column":8}}]},"5":{"line":67,"type":"if","locations":[{"start":{"line":67,"column":8},"end":{"line":67,"column":8}},{"start":{"line":67,"column":8},"end":{"line":67,"column":8}}]},"6":{"line":68,"type":"if","locations":[{"start":{"line":68,"column":8},"end":{"line":68,"column":8}},{"start":{"line":68,"column":8},"end":{"line":68,"column":8}}]},"7":{"line":77,"type":"binary-expr","locations":[{"start":{"line":77,"column":12},"end":{"line":77,"column":36}},{"start":{"line":77,"column":40},"end":{"line":77,"column":80}}]},"8":{"line":106,"type":"if","locations":[{"start":{"line":106,"column":2},"end":{"line":106,"column":2}},{"start":{"line":106,"column":2},"end":{"line":106,"column":2}}]}}},"/Users/michaelherman/Documents/repos/github/node-stripe-charge/users.js":{"path":"/Users/michaelherman/Documents/repos/github/node-stripe-charge/users.js","s":{"1":1,"2":1},"b":{},"f":{},"fnMap":{},"statementMap":{"1":{"start":{"line":1,"column":0},"end":{"line":3,"column":2}},"2":{"start":{"line":5,"column":0},"end":{"line":5,"column":23}}},"branchMap":{}},"/Users/michaelherman/Documents/repos/github/node-stripe-charge/models/customer.js":{"path":"/Users/michaelherman/Documents/repos/github/node-stripe-charge/models/customer.js","s":{"1":1,"2":1,"3":1,"4":1},"b":{},"f":{},"fnMap":{},"statementMap":{"1":{"start":{"line":1,"column":0},"end":{"line":1,"column":35}},"2":{"start":{"line":2,"column":0},"end":{"line":2,"column":29}},"3":{"start":{"line":4,"column":0},"end":{"line":7,"column":3}},"4":{"start":{"line":9,"column":0},"end":{"line":9,"column":54}}},"branchMap":{}},"/Users/michaelherman/Documents/repos/github/node-stripe-charge/charge.js":{"path":"/Users/michaelherman/Documents/repos/github/node-stripe-charge/charge.js","s":{"1":1,"2":1,"3":1,"4":1,"5":1,"6":0,"7":1,"8":0,"9":0,"10":0,"11":0,"12":0,"13":0,"14":0,"15":0,"16":0,"17":0,"18":0,"19":0,"20":0,"21":0},"b":{"1":[0,0],"2":[0,0]},"f":{"1":1,"2":0,"3":0,"4":0,"5":0},"fnMap":{"1":{"name":"(anonymous_1)","line":5,"loc":{"start":{"line":5,"column":17},"end":{"line":5,"column":30}}},"2":{"name":"(anonymous_2)","line":7,"loc":{"start":{"line":7,"column":4},"end":{"line":7,"column":21}}},"3":{"name":"(anonymous_3)","line":14,"loc":{"start":{"line":14,"column":4},"end":{"line":14,"column":22}}},"4":{"name":"(anonymous_4)","line":19,"loc":{"start":{"line":19,"column":23},"end":{"line":19,"column":37}}},"5":{"name":"(anonymous_5)","line":34,"loc":{"start":{"line":34,"column":8},"end":{"line":34,"column":30}}}},"statementMap":{"1":{"start":{"line":1,"column":0},"end":{"line":1,"column":47}},"2":{"start":{"line":2,"column":0},"end":{"line":2,"column":40}},"3":{"start":{"line":3,"column":0},"end":{"line":3,"column":53}},"4":{"start":{"line":5,"column":0},"end":{"line":48,"column":2}},"5":{"start":{"line":6,"column":2},"end":{"line":11,"column":4}},"6":{"start":{"line":9,"column":6},"end":{"line":10,"column":4}},"7":{"start":{"line":13,"column":2},"end":{"line":47,"column":4}},"8":{"start":{"line":16,"column":6},"end":{"line":16,"column":33}},"9":{"start":{"line":17,"column":6},"end":{"line":17,"column":48}},"10":{"start":{"line":18,"column":6},"end":{"line":18,"column":60}},"11":{"start":{"line":19,"column":6},"end":{"line":25,"column":9}},"12":{"start":{"line":20,"column":8},"end":{"line":24,"column":9}},"13":{"start":{"line":21,"column":10},"end":{"line":21,"column":27}},"14":{"start":{"line":23,"column":10},"end":{"line":23,"column":34}},"15":{"start":{"line":27,"column":6},"end":{"line":32,"column":8}},"16":{"start":{"line":33,"column":6},"end":{"line":43,"column":8}},"17":{"start":{"line":35,"column":10},"end":{"line":41,"column":13}},"18":{"start":{"line":36,"column":12},"end":{"line":36,"column":29}},"19":{"start":{"line":39,"column":14},"end":{"line":39,"column":31}},"20":{"start":{"line":40,"column":14},"end":{"line":40,"column":63}},"21":{"start":{"line":45,"column":4},"end":{"line":45,"column":80}}},"branchMap":{"1":{"line":20,"type":"if","locations":[{"start":{"line":20,"column":8},"end":{"line":20,"column":8}},{"start":{"line":20,"column":8},"end":{"line":20,"column":8}}]},"2":{"line":35,"type":"if","locations":[{"start":{"line":35,"column":10},"end":{"line":35,"column":10}},{"start":{"line":35,"column":10},"end":{"line":35,"column":10}}]}}},"/Users/michaelherman/Documents/repos/github/node-stripe-charge/config.js":{"path":"/Users/michaelherman/Documents/repos/github/node-stripe-charge/config.js","s":{"1":1,"2":1},"b":{},"f":{},"fnMap":{},"statementMap":{"1":{"start":{"line":1,"column":0},"end":{"line":6,"column":0}},"2":{"start":{"line":6,"column":0},"end":{"line":8,"column":0}}},"branchMap":{}},"/Users/michaelherman/Documents/repos/github/node-stripe-charge/routes/index.js":{"path":"/Users/michaelherman/Documents/repos/github/node-stripe-charge/routes/index.js","s":{"1":1,"2":1,"3":1,"4":1,"5":1,"6":1,"7":1,"8":1,"9":0,"10":1,"11":0,"12":1,"13":0,"14":0,"15":1,"16":0,"17":0,"18":0,"19":0},"b":{"1":[0,0]},"f":{"1":1,"2":1,"3":0,"4":0,"5":0,"6":0,"7":0},"fnMap":{"1":{"name":"(anonymous_1)","line":5,"loc":{"start":{"line":5,"column":16},"end":{"line":5,"column":34}}},"2":{"name":"(anonymous_2)","line":9,"loc":{"start":{"line":9,"column":15},"end":{"line":9,"column":33}}},"3":{"name":"(anonymous_3)","line":13,"loc":{"start":{"line":13,"column":17},"end":{"line":13,"column":35}}},"4":{"name":"(anonymous_4)","line":17,"loc":{"start":{"line":17,"column":16},"end":{"line":17,"column":34}}},"5":{"name":"(anonymous_5)","line":21,"loc":{"start":{"line":21,"column":17},"end":{"line":21,"column":35}}},"6":{"name":"(anonymous_6)","line":26,"loc":{"start":{"line":26,"column":16},"end":{"line":26,"column":34}}},"7":{"name":"(anonymous_7)","line":27,"loc":{"start":{"line":27,"column":27},"end":{"line":27,"column":47}}}},"statementMap":{"1":{"start":{"line":1,"column":0},"end":{"line":1,"column":27}},"2":{"start":{"line":2,"column":0},"end":{"line":2,"column":48}},"3":{"start":{"line":3,"column":0},"end":{"line":5,"column":0}},"4":{"start":{"line":5,"column":0},"end":{"line":7,"column":2}},"5":{"start":{"line":6,"column":2},"end":{"line":6,"column":64}},"6":{"start":{"line":9,"column":0},"end":{"line":11,"column":2}},"7":{"start":{"line":10,"column":2},"end":{"line":10,"column":25}},"8":{"start":{"line":13,"column":0},"end":{"line":15,"column":2}},"9":{"start":{"line":14,"column":2},"end":{"line":14,"column":54}},"10":{"start":{"line":17,"column":0},"end":{"line":19,"column":2}},"11":{"start":{"line":18,"column":2},"end":{"line":18,"column":76}},"12":{"start":{"line":21,"column":0},"end":{"line":24,"column":2}},"13":{"start":{"line":22,"column":2},"end":{"line":22,"column":15}},"14":{"start":{"line":23,"column":2},"end":{"line":23,"column":20}},"15":{"start":{"line":26,"column":0},"end":{"line":39,"column":2}},"16":{"start":{"line":27,"column":2},"end":{"line":38,"column":5}},"17":{"start":{"line":28,"column":4},"end":{"line":37,"column":5}},"18":{"start":{"line":29,"column":6},"end":{"line":29,"column":32}},"19":{"start":{"line":31,"column":6},"end":{"line":36,"column":9}}},"branchMap":{"1":{"line":28,"type":"if","locations":[{"start":{"line":28,"column":4},"end":{"line":28,"column":4}},{"start":{"line":28,"column":4},"end":{"line":28,"column":4}}]}}}}